2025-08-10 09:50:50,160 - INFO - CSVֶ: ['index', 'task_type', 'prompt', 'ori_image', 'target_image']
2025-08-10 09:50:50,165 - INFO - ҵ 500 Ч
2025-08-10 09:50:50,167 - INFO - 
==================================================
2025-08-10 09:50:50,167 - INFO -  1/500 (ID: 251)
2025-08-10 09:50:50,167 - INFO - ʾ: ѱpϺ̲
2025-08-10 09:50:50,167 - INFO - ԭʼͼ: D:\C_data\tianchi\data\imgs\fb81398d8c0b47b088f0bb3f6cc95902.jpg
2025-08-10 09:50:50,169 - INFO -  #1:  251 - ѱpϺ̲
2025-08-10 09:50:50,177 - INFO - ȴ 3...
2025-08-10 09:50:53,178 - INFO -  #2:  251 - ѱpϺ̲
2025-08-10 09:50:53,178 - INFO - ȴ 6...
2025-08-10 09:50:59,186 - INFO -  #3:  251 - ѱpϺ̲
2025-08-10 09:50:59,188 - INFO - ȴ 3һ...
2025-08-10 09:53:05,155 - INFO - CSV字段: ['index', 'task_type', 'prompt', 'ori_image', 'target_image']
2025-08-10 09:53:05,155 - INFO - 找到 500 个有效任务
2025-08-10 09:53:05,155 - INFO - 
==================================================
2025-08-10 09:53:05,162 - INFO - 处理任务 1/500 (ID: 251)
2025-08-10 09:53:05,162 - INFO - 提示: 把背景p成上海外滩
2025-08-10 09:53:05,162 - INFO - 原始图像: D:\C_data\tianchi\data\imgs\fb81398d8c0b47b088f0bb3f6cc95902.jpg
2025-08-10 09:53:05,162 - INFO - 尝试 #1: 处理任务 251 - 把背景p成上海外滩
2025-08-10 09:53:06,060 - INFO - The task f77fa1a3-3505-4e7f-b832-a88c25797030 is  RUNNING
2025-08-10 09:53:07,236 - WARNING - 任务 251 未生成结果
2025-08-10 09:53:07,236 - INFO - 等待 3秒后重试...
2025-08-10 09:53:10,238 - INFO - 尝试 #2: 处理任务 251 - 把背景p成上海外滩
2025-08-10 09:53:11,034 - INFO - The task 99e60883-7ce5-4585-a126-65d198309621 is  RUNNING
2025-08-10 09:53:12,208 - WARNING - 任务 251 未生成结果
2025-08-10 09:53:12,208 - INFO - 等待 6秒后重试...
2025-08-10 09:53:18,217 - INFO - 尝试 #3: 处理任务 251 - 把背景p成上海外滩
2025-08-10 09:53:18,998 - INFO - The task 71d81a03-9384-48bd-ad97-39b01467950c is  RUNNING
2025-08-10 09:53:20,157 - WARNING - 任务 251 未生成结果
2025-08-10 09:53:20,162 - INFO - 等待 3秒后继续下一个任务...
